  [4;36;1mSQL (0.9ms)[0m   [0;1m SELECT name
 FROM sqlite_master
 WHERE type = 'table' AND NOT name = 'sqlite_sequence'
[0m
  [4;35;1mSQL (0.6ms)[0m   [0m SELECT name
 FROM sqlite_master
 WHERE type = 'table' AND NOT name = 'sqlite_sequence'
[0m
  [4;36;1mSQL (0.5ms)[0m   [0;1m SELECT name
 FROM sqlite_master
 WHERE type = 'table' AND NOT name = 'sqlite_sequence'
[0m
  [4;35;1mForecast Load (101.1ms)[0m   [0mSELECT * FROM "forecasts" [0m
  [4;36;1mForecast Load (5.5ms)[0m   [0;1mselect distinct forecast_date from forecasts[0m
  [4;35;1mForecast Load (5.5ms)[0m   [0mselect distinct forecast_date from forecasts[0m
  [4;36;1mForecast Load (5.5ms)[0m   [0;1mselect distinct forecast_date from forecasts[0m
  [4;35;1mForecast Load (5.4ms)[0m   [0mselect distinct forecast_date from forecasts[0m
  [4;36;1mForecast Load (5.5ms)[0m   [0;1mselect distinct forecast_date from forecasts[0m
  [4;35;1mForecast Load (5.4ms)[0m   [0mselect distinct forecast_date from forecasts[0m
  [4;36;1mForecast Load (5.4ms)[0m   [0;1mselect distinct forecast_date from forecasts[0m
  [4;35;1mForecast Load (5.4ms)[0m   [0mselect distinct forecast_date from forecasts[0m
  [4;36;1mForecast Load (33.7ms)[0m   [0;1mselect distinct forecast_date from forecasts[0m
  [4;35;1mForecast Load (5.4ms)[0m   [0mselect distinct forecast_date from forecasts[0m
  [4;36;1mSQL (0.5ms)[0m   [0;1m SELECT name
 FROM sqlite_master
 WHERE type = 'table' AND NOT name = 'sqlite_sequence'
[0m


Processing Rails::InfoController#properties (for 127.0.0.1 at 2009-07-23 20:59:29) [GET]
  [4;36;1mSQL (0.9ms)[0m   [0;1m SELECT name
 FROM sqlite_master
 WHERE type = 'table' AND NOT name = 'sqlite_sequence'
[0m
Completed in 76ms (View: 11, DB: 1) | 200 OK [http://localhost/rails/info/properties]


Processing ApplicationController#index (for 127.0.0.1 at 2009-07-23 20:59:33) [GET]

ActionController::RoutingError (No route matches "/forecasts" with {:method=>:get}):
  /usr/lib/ruby/1.8/webrick/httpserver.rb:104:in `service'
  /usr/lib/ruby/1.8/webrick/httpserver.rb:65:in `run'
  /usr/lib/ruby/1.8/webrick/server.rb:173:in `start_thread'
  /usr/lib/ruby/1.8/webrick/server.rb:162:in `start'
  /usr/lib/ruby/1.8/webrick/server.rb:162:in `start_thread'
  /usr/lib/ruby/1.8/webrick/server.rb:95:in `start'
  /usr/lib/ruby/1.8/webrick/server.rb:92:in `each'
  /usr/lib/ruby/1.8/webrick/server.rb:92:in `start'
  /usr/lib/ruby/1.8/webrick/server.rb:23:in `start'
  /usr/lib/ruby/1.8/webrick/server.rb:82:in `start'

Rendering rescues/layout (not_found)


Processing ApplicationController#index (for 127.0.0.1 at 2009-07-23 20:59:38) [GET]

ActionController::RoutingError (No route matches "/forecasts/view" with {:method=>:get}):
  /usr/lib/ruby/1.8/webrick/httpserver.rb:104:in `service'
  /usr/lib/ruby/1.8/webrick/httpserver.rb:65:in `run'
  /usr/lib/ruby/1.8/webrick/server.rb:173:in `start_thread'
  /usr/lib/ruby/1.8/webrick/server.rb:162:in `start'
  /usr/lib/ruby/1.8/webrick/server.rb:162:in `start_thread'
  /usr/lib/ruby/1.8/webrick/server.rb:95:in `start'
  /usr/lib/ruby/1.8/webrick/server.rb:92:in `each'
  /usr/lib/ruby/1.8/webrick/server.rb:92:in `start'
  /usr/lib/ruby/1.8/webrick/server.rb:23:in `start'
  /usr/lib/ruby/1.8/webrick/server.rb:82:in `start'

Rendering rescues/layout (not_found)


Processing ApplicationController#index (for 127.0.0.1 at 2009-07-23 20:59:41) [GET]

ActionController::RoutingError (No route matches "/forecasts/view" with {:method=>:get}):
  /usr/lib/ruby/1.8/webrick/httpserver.rb:104:in `service'
  /usr/lib/ruby/1.8/webrick/httpserver.rb:65:in `run'
  /usr/lib/ruby/1.8/webrick/server.rb:173:in `start_thread'
  /usr/lib/ruby/1.8/webrick/server.rb:162:in `start'
  /usr/lib/ruby/1.8/webrick/server.rb:162:in `start_thread'
  /usr/lib/ruby/1.8/webrick/server.rb:95:in `start'
  /usr/lib/ruby/1.8/webrick/server.rb:92:in `each'
  /usr/lib/ruby/1.8/webrick/server.rb:92:in `start'
  /usr/lib/ruby/1.8/webrick/server.rb:23:in `start'
  /usr/lib/ruby/1.8/webrick/server.rb:82:in `start'

Rendering rescues/layout (not_found)


Processing ForecastController#view (for 127.0.0.1 at 2009-07-23 20:59:46) [GET]
  [4;35;1mForecast Load (10.5ms)[0m   [0mselect distinct forecast_date from forecasts[0m
  [4;36;1mSQL (0.9ms)[0m   [0;1m SELECT name
 FROM sqlite_master
 WHERE type = 'table' AND NOT name = 'sqlite_sequence'
[0m

NoMethodError (undefined method `find_all' for #<Class:0x7f29310aca60>):
  app/controllers/forecast_controller.rb:5:in `view'
  /usr/lib/ruby/1.8/webrick/httpserver.rb:104:in `service'
  /usr/lib/ruby/1.8/webrick/httpserver.rb:65:in `run'
  /usr/lib/ruby/1.8/webrick/server.rb:173:in `start_thread'
  /usr/lib/ruby/1.8/webrick/server.rb:162:in `start'
  /usr/lib/ruby/1.8/webrick/server.rb:162:in `start_thread'
  /usr/lib/ruby/1.8/webrick/server.rb:95:in `start'
  /usr/lib/ruby/1.8/webrick/server.rb:92:in `each'
  /usr/lib/ruby/1.8/webrick/server.rb:92:in `start'
  /usr/lib/ruby/1.8/webrick/server.rb:23:in `start'
  /usr/lib/ruby/1.8/webrick/server.rb:82:in `start'

Rendered rescues/_trace (43.0ms)
Rendered rescues/_request_and_response (2.0ms)
Rendering rescues/layout (internal_server_error)


Processing ForecastController#view (for 127.0.0.1 at 2009-07-23 21:00:06) [GET]
  [4;35;1mForecast Load (6.4ms)[0m   [0mselect distinct forecast_date from forecasts[0m
  [4;36;1mForecast Load (182.5ms)[0m   [0;1mSELECT * FROM "forecasts" [0m
Rendering forecast/view

ActionView::TemplateError (undefined method `each' for #<Forecast forecast_date: "2009-07-20 00:00:00">) on line #6 of app/views/forecast/view.html.erb:
3: 
4: <ul>
5: <%
6:   @dates.each do |f| 
7: %>
8: <li><%=  f.forecast_date
9: %>

    app/views/forecast/view.html.erb:6
    /usr/lib/ruby/1.8/webrick/httpserver.rb:104:in `service'
    /usr/lib/ruby/1.8/webrick/httpserver.rb:65:in `run'
    /usr/lib/ruby/1.8/webrick/server.rb:173:in `start_thread'
    /usr/lib/ruby/1.8/webrick/server.rb:162:in `start'
    /usr/lib/ruby/1.8/webrick/server.rb:162:in `start_thread'
    /usr/lib/ruby/1.8/webrick/server.rb:95:in `start'
    /usr/lib/ruby/1.8/webrick/server.rb:92:in `each'
    /usr/lib/ruby/1.8/webrick/server.rb:92:in `start'
    /usr/lib/ruby/1.8/webrick/server.rb:23:in `start'
    /usr/lib/ruby/1.8/webrick/server.rb:82:in `start'

Rendered rescues/_trace (50.0ms)
Rendered rescues/_request_and_response (0.5ms)
Rendering rescues/layout (internal_server_error)
  [4;35;1mForecast Load (79.1ms)[0m   [0mSELECT * FROM "forecasts" [0m
  [4;36;1mForecast Load (5.3ms)[0m   [0;1mselect distinct forecast_date from forecasts[0m
  [4;35;1mForecast Load (5.5ms)[0m   [0mselect distinct forecast_date from forecasts[0m


Processing ForecastController#view (for 127.0.0.1 at 2009-07-23 21:01:28) [GET]
  [4;35;1mForecast Load (6.7ms)[0m   [0mselect distinct forecast_date from forecasts[0m
  [4;36;1mForecast Load (79.4ms)[0m   [0;1mSELECT * FROM "forecasts" [0m
Rendering forecast/view
Completed in 416ms (View: 185, DB: 86) | 200 OK [http://localhost/forecast/view]
  [4;36;1mForecast Load (42.8ms)[0m   [0;1mselect distinct var_name from forecasts[0m
  [4;35;1mForecast Load (3.4ms)[0m   [0mselect distinct var_name from forecasts[0m


Processing ApplicationController#index (for 127.0.0.1 at 2009-07-23 22:04:10) [GET]

ActionController::RoutingError (No route matches "/forecast_points" with {:method=>:get}):
  /usr/lib/ruby/1.8/webrick/httpserver.rb:104:in `service'
  /usr/lib/ruby/1.8/webrick/httpserver.rb:65:in `run'
  /usr/lib/ruby/1.8/webrick/server.rb:173:in `start_thread'
  /usr/lib/ruby/1.8/webrick/server.rb:162:in `start'
  /usr/lib/ruby/1.8/webrick/server.rb:162:in `start_thread'
  /usr/lib/ruby/1.8/webrick/server.rb:95:in `start'
  /usr/lib/ruby/1.8/webrick/server.rb:92:in `each'
  /usr/lib/ruby/1.8/webrick/server.rb:92:in `start'
  /usr/lib/ruby/1.8/webrick/server.rb:23:in `start'
  /usr/lib/ruby/1.8/webrick/server.rb:82:in `start'

Rendering rescues/layout (not_found)


Processing ApplicationController#index (for 127.0.0.1 at 2009-07-23 22:04:14) [GET]

ActionController::RoutingError (No route matches "/forecast_points/view" with {:method=>:get}):
  /usr/lib/ruby/1.8/webrick/httpserver.rb:104:in `service'
  /usr/lib/ruby/1.8/webrick/httpserver.rb:65:in `run'
  /usr/lib/ruby/1.8/webrick/server.rb:173:in `start_thread'
  /usr/lib/ruby/1.8/webrick/server.rb:162:in `start'
  /usr/lib/ruby/1.8/webrick/server.rb:162:in `start_thread'
  /usr/lib/ruby/1.8/webrick/server.rb:95:in `start'
  /usr/lib/ruby/1.8/webrick/server.rb:92:in `each'
  /usr/lib/ruby/1.8/webrick/server.rb:92:in `start'
  /usr/lib/ruby/1.8/webrick/server.rb:23:in `start'
  /usr/lib/ruby/1.8/webrick/server.rb:82:in `start'

Rendering rescues/layout (not_found)


Processing ApplicationController#index (for 127.0.0.1 at 2009-07-23 22:04:19) [GET]

ActionController::RoutingError (No route matches "/forecasts/view" with {:method=>:get}):
  /usr/lib/ruby/1.8/webrick/httpserver.rb:104:in `service'
  /usr/lib/ruby/1.8/webrick/httpserver.rb:65:in `run'
  /usr/lib/ruby/1.8/webrick/server.rb:173:in `start_thread'
  /usr/lib/ruby/1.8/webrick/server.rb:162:in `start'
  /usr/lib/ruby/1.8/webrick/server.rb:162:in `start_thread'
  /usr/lib/ruby/1.8/webrick/server.rb:95:in `start'
  /usr/lib/ruby/1.8/webrick/server.rb:92:in `each'
  /usr/lib/ruby/1.8/webrick/server.rb:92:in `start'
  /usr/lib/ruby/1.8/webrick/server.rb:23:in `start'
  /usr/lib/ruby/1.8/webrick/server.rb:82:in `start'

Rendering rescues/layout (not_found)


Processing ForecastController#view (for 127.0.0.1 at 2009-07-23 22:04:25) [GET]
  [4;35;1mForecast Load (6.7ms)[0m   [0mselect distinct forecast_date from forecasts[0m
  [4;36;1mForecast Load (81.0ms)[0m   [0;1mSELECT * FROM "forecasts" [0m
Rendering forecast/view
Completed in 364ms (View: 222, DB: 88) | 200 OK [http://localhost/forecast/view]


Processing ForecastController#view (for 127.0.0.1 at 2009-07-23 22:06:14) [GET]
  [4;35;1mForecast Load (6.2ms)[0m   [0mselect distinct forecast_date from forecasts[0m
  [4;36;1mForecast Load (78.5ms)[0m   [0;1mSELECT * FROM "forecasts" [0m
Rendering forecast/view
Completed in 190ms (View: 57, DB: 85) | 200 OK [http://localhost/forecast/view]


Processing ForecastController#view (for 127.0.0.1 at 2009-07-23 22:06:59) [GET]
  [4;35;1mForecast Load (6.0ms)[0m   [0mselect distinct forecast_date from forecasts[0m
  [4;36;1mForecast Load (78.6ms)[0m   [0;1mSELECT * FROM "forecasts" [0m
Rendering forecast/view
Completed in 166ms (View: 35, DB: 85) | 200 OK [http://localhost/forecast/view]
  [4;36;1mForecast Load (0.6ms)[0m   [0;1mselect count(*) from forecasts[0m
  [4;35;1mForecast Load (103.0ms)[0m   [0mselect var_name from forecasts[0m
  [4;36;1mForecast Load (31.7ms)[0m   [0;1mselect var_name from forecasts[0m
  [4;35;1mForecast Load (95.1ms)[0m   [0mselect * from forecasts[0m


Processing ApplicationController#index (for 127.0.0.1 at 2009-07-25 11:32:30) [GET]

ActionController::RoutingError (No route matches "/forecasts/view" with {:method=>:get}):
  /usr/lib/ruby/1.8/webrick/httpserver.rb:104:in `service'
  /usr/lib/ruby/1.8/webrick/httpserver.rb:65:in `run'
  /usr/lib/ruby/1.8/webrick/server.rb:173:in `start_thread'
  /usr/lib/ruby/1.8/webrick/server.rb:162:in `start'
  /usr/lib/ruby/1.8/webrick/server.rb:162:in `start_thread'
  /usr/lib/ruby/1.8/webrick/server.rb:95:in `start'
  /usr/lib/ruby/1.8/webrick/server.rb:92:in `each'
  /usr/lib/ruby/1.8/webrick/server.rb:92:in `start'
  /usr/lib/ruby/1.8/webrick/server.rb:23:in `start'
  /usr/lib/ruby/1.8/webrick/server.rb:82:in `start'

Rendering rescues/layout (not_found)


Processing ApplicationController#index (for 127.0.0.1 at 2009-07-25 11:32:38) [GET]

ActionController::RoutingError (No route matches "/forecasts" with {:method=>:get}):
  /usr/lib/ruby/1.8/webrick/httpserver.rb:104:in `service'
  /usr/lib/ruby/1.8/webrick/httpserver.rb:65:in `run'
  /usr/lib/ruby/1.8/webrick/server.rb:173:in `start_thread'
  /usr/lib/ruby/1.8/webrick/server.rb:162:in `start'
  /usr/lib/ruby/1.8/webrick/server.rb:162:in `start_thread'
  /usr/lib/ruby/1.8/webrick/server.rb:95:in `start'
  /usr/lib/ruby/1.8/webrick/server.rb:92:in `each'
  /usr/lib/ruby/1.8/webrick/server.rb:92:in `start'
  /usr/lib/ruby/1.8/webrick/server.rb:23:in `start'
  /usr/lib/ruby/1.8/webrick/server.rb:82:in `start'

Rendering rescues/layout (not_found)


Processing ForecastController#view (for 127.0.0.1 at 2009-07-25 11:32:42) [GET]
  [4;36;1mForecast Load (6.0ms)[0m   [0;1mselect distinct forecast_date from forecasts[0m
  [4;35;1mForecast Load (81.7ms)[0m   [0mSELECT * FROM "forecasts" [0m
Rendering forecast/view
Completed in 451ms (View: 294, DB: 88) | 200 OK [http://localhost/forecast/view]


Processing ForecastController#view (for 127.0.0.1 at 2009-07-25 11:38:16) [GET]
  [4;36;1mForecast Load (7.0ms)[0m   [0;1mselect distinct forecast_date from forecasts[0m
  [4;35;1mForecast Load (71.6ms)[0m   [0mSELECT * FROM "forecasts" [0m
Rendering forecast/view
Completed in 154ms (View: 31, DB: 79) | 200 OK [http://localhost/forecast/view]


Processing ForecastController#view (for 127.0.0.1 at 2009-07-25 11:39:33) [GET]
  [4;36;1mForecast Load (5.8ms)[0m   [0;1mselect distinct forecast_date from forecasts[0m
  [4;35;1mForecast Load (71.7ms)[0m   [0mSELECT * FROM "forecasts" [0m
Rendering forecast/view
Completed in 153ms (View: 31, DB: 77) | 200 OK [http://localhost/forecast/view]


Processing ForecastController#view (for 127.0.0.1 at 2009-07-25 12:27:53) [GET]
  [4;36;1mForecast Load (5.8ms)[0m   [0;1mselect distinct forecast_date from forecasts[0m
  [4;35;1mForecast Load (73.5ms)[0m   [0mSELECT * FROM "forecasts" [0m
Rendering forecast/view
Completed in 163ms (View: 35, DB: 79) | 200 OK [http://localhost/forecast/view]


Processing ForecastController#view (for 127.0.0.1 at 2009-07-25 12:50:54) [GET]
  [4;36;1mForecast Load (5.8ms)[0m   [0;1mselect distinct forecast_date from forecasts[0m
  [4;35;1mForecast Load (122.9ms)[0m   [0mSELECT * FROM "forecasts" [0m
Rendering forecast/view

ActionView::TemplateError (undefined local variable or method `item' for #<ActionView::Base:0x7f45c0465ae8>) on line #19 of app/views/forecast/view.html.erb:
16: <tr>
17: <td>Swell Size</td>
18: <%
19:   @all.find_all {|ite| item.var_name == "HTSGW"}.each do |a|
20: %>
21: 
22:    <td>  

    app/views/forecast/view.html.erb:19
    app/views/forecast/view.html.erb:19:in `each'
    app/views/forecast/view.html.erb:19:in `find_all'
    app/views/forecast/view.html.erb:19
    /usr/lib/ruby/1.8/webrick/httpserver.rb:104:in `service'
    /usr/lib/ruby/1.8/webrick/httpserver.rb:65:in `run'
    /usr/lib/ruby/1.8/webrick/server.rb:173:in `start_thread'
    /usr/lib/ruby/1.8/webrick/server.rb:162:in `start'
    /usr/lib/ruby/1.8/webrick/server.rb:162:in `start_thread'
    /usr/lib/ruby/1.8/webrick/server.rb:95:in `start'
    /usr/lib/ruby/1.8/webrick/server.rb:92:in `each'
    /usr/lib/ruby/1.8/webrick/server.rb:92:in `start'
    /usr/lib/ruby/1.8/webrick/server.rb:23:in `start'
    /usr/lib/ruby/1.8/webrick/server.rb:82:in `start'

Rendered rescues/_trace (87.4ms)
Rendered rescues/_request_and_response (11.4ms)
Rendering rescues/layout (internal_server_error)


Processing ForecastController#view (for 127.0.0.1 at 2009-07-25 12:51:11) [GET]
  [4;36;1mForecast Load (5.7ms)[0m   [0;1mselect distinct forecast_date from forecasts[0m
  [4;35;1mForecast Load (85.0ms)[0m   [0mSELECT * FROM "forecasts" [0m
Rendering forecast/view
Completed in 195ms (View: 42, DB: 91) | 200 OK [http://localhost/forecast/view]
  [4;36;1mSQL (0.9ms)[0m   [0;1m SELECT name
 FROM sqlite_master
 WHERE type = 'table' AND NOT name = 'sqlite_sequence'
[0m
  [4;36;1mSQL (0.8ms)[0m   [0;1m SELECT name
 FROM sqlite_master
 WHERE type = 'table' AND NOT name = 'sqlite_sequence'
[0m
  [4;35;1mSQL (0.3ms)[0m   [0mselect sqlite_version(*)[0m
  [4;36;1mSQL (124.8ms)[0m   [0;1mCREATE TABLE "schema_migrations" ("version" varchar(255) NOT NULL) [0m
  [4;35;1mSQL (194.2ms)[0m   [0mCREATE UNIQUE INDEX "unique_schema_migrations" ON "schema_migrations" ("version")[0m
  [4;36;1mSQL (0.5ms)[0m   [0;1m SELECT name
 FROM sqlite_master
 WHERE type = 'table' AND NOT name = 'sqlite_sequence'
[0m
  [4;35;1mSQL (0.3ms)[0m   [0mSELECT version FROM "schema_info"[0m
  [4;36;1mSQL (0.3ms)[0m   [0;1mSELECT version FROM "schema_migrations"[0m
  [4;35;1mSQL (11.7ms)[0m   [0mINSERT INTO "schema_migrations" (version) VALUES ('3')[0m
  [4;36;1mSQL (26.5ms)[0m   [0;1mDROP TABLE "schema_info"[0m
  [4;35;1mSQL (0.4ms)[0m   [0mSELECT version FROM schema_migrations[0m
Migrating to CreateVariables (20090725184948)
  [4;36;1mSQL (3.6ms)[0m   [0;1mCREATE TABLE "variables" ("id" INTEGER PRIMARY KEY AUTOINCREMENT NOT NULL, "name" varchar(255), "human_name" varchar(255), "description" varchar(255), "created_at" datetime, "updated_at" datetime) [0m
  [4;35;1mSQL (2.5ms)[0m   [0mINSERT INTO schema_migrations (version) VALUES ('20090725184948')[0m
  [4;36;1mSQL (0.6ms)[0m   [0;1m SELECT name
 FROM sqlite_master
 WHERE type = 'table' AND NOT name = 'sqlite_sequence'
[0m
  [4;35;1mSQL (0.3ms)[0m   [0mSELECT version FROM schema_migrations[0m
  [4;36;1mSQL (0.4ms)[0m   [0;1m SELECT name
 FROM sqlite_master
 WHERE type = 'table' AND NOT name = 'sqlite_sequence'
[0m
  [4;35;1mSQL (0.1ms)[0m   [0mPRAGMA index_list("forecast_points")[0m
  [4;36;1mSQL (0.1ms)[0m   [0;1mPRAGMA index_list("forecasts")[0m
  [4;35;1mSQL (0.1ms)[0m   [0mPRAGMA index_list("variables")[0m
  [4;36;1mSQL (1.1ms)[0m   [0;1m SELECT name
 FROM sqlite_master
 WHERE type = 'table' AND NOT name = 'sqlite_sequence'
[0m
  [4;35;1mSQL (0.6ms)[0m   [0m SELECT name
 FROM sqlite_master
 WHERE type = 'table' AND NOT name = 'sqlite_sequence'
[0m
  [4;36;1mSQL (0.6ms)[0m   [0;1m SELECT name
 FROM sqlite_master
 WHERE type = 'table' AND NOT name = 'sqlite_sequence'
[0m
  [4;35;1mSQL (0.6ms)[0m   [0m SELECT name
 FROM sqlite_master
 WHERE type = 'table' AND NOT name = 'sqlite_sequence'
[0m
  [4;36;1mVariable Load (1.0ms)[0m   [0;1mSELECT * FROM "variables" [0m
  [4;35;1mVariable Load (0.6ms)[0m   [0mSELECT * FROM "variables" WHERE ("variables"."name" = 'HTSGW') LIMIT 1[0m
  [4;36;1mVariable Load (0.6ms)[0m   [0;1mSELECT * FROM "variables" WHERE ("variables"."name" = 'HTSGW') LIMIT 1[0m
  [4;35;1mVariable Load (0.3ms)[0m   [0mSELECT * FROM "variables" WHERE ("variables"."name" = 'HTSsGW') LIMIT 1[0m
  [4;36;1mVariable Load (0.3ms)[0m   [0;1mSELECT * FROM "variables" WHERE ("variables"."name" = 'HTSsGW') LIMIT 1[0m


Processing ForecastController#view (for 127.0.0.1 at 2009-07-25 14:48:55) [GET]
  [4;36;1mForecast Load (192.7ms)[0m   [0;1mselect distinct forecast_date from forecasts[0m
  [4;35;1mForecast Load (103.4ms)[0m   [0mSELECT * FROM "forecasts" [0m

NameError (uninitialized constant ForecastController::Variables):
  app/controllers/forecast_controller.rb:7:in `view'
  /usr/lib/ruby/1.8/webrick/httpserver.rb:104:in `service'
  /usr/lib/ruby/1.8/webrick/httpserver.rb:65:in `run'
  /usr/lib/ruby/1.8/webrick/server.rb:173:in `start_thread'
  /usr/lib/ruby/1.8/webrick/server.rb:162:in `start'
  /usr/lib/ruby/1.8/webrick/server.rb:162:in `start_thread'
  /usr/lib/ruby/1.8/webrick/server.rb:95:in `start'
  /usr/lib/ruby/1.8/webrick/server.rb:92:in `each'
  /usr/lib/ruby/1.8/webrick/server.rb:92:in `start'
  /usr/lib/ruby/1.8/webrick/server.rb:23:in `start'
  /usr/lib/ruby/1.8/webrick/server.rb:82:in `start'

Rendered rescues/_trace (40.7ms)
Rendered rescues/_request_and_response (0.5ms)
Rendering rescues/layout (internal_server_error)


Processing ForecastController#view (for 127.0.0.1 at 2009-07-25 14:49:34) [GET]
  [4;36;1mForecast Load (5.6ms)[0m   [0;1mselect distinct forecast_date from forecasts[0m
  [4;35;1mForecast Load (76.3ms)[0m   [0mSELECT * FROM "forecasts" [0m
  [4;36;1mVariable Load (0.9ms)[0m   [0;1mSELECT * FROM "variables" [0m
Rendering forecast/view
Rendered forecast/_common_var_entry (19.4ms)
Rendered forecast/_common_var_entry (2.6ms)
Rendered forecast/_common_var_entry (3.3ms)
Rendered forecast/_common_var_entry (3.5ms)
Rendered forecast/_common_var_entry (3.1ms)
Completed in 480ms (View: 335, DB: 83) | 200 OK [http://localhost/forecast/view]


Processing ForecastController#view (for 127.0.0.1 at 2009-07-25 14:50:29) [GET]
  [4;35;1mForecast Load (6.2ms)[0m   [0mselect distinct forecast_date from forecasts[0m
  [4;36;1mForecast Load (71.9ms)[0m   [0;1mSELECT * FROM "forecasts" [0m
  [4;35;1mVariable Load (0.9ms)[0m   [0mSELECT * FROM "variables" [0m
Rendering forecast/view
Rendered forecast/_common_var_entry (4.5ms)
Rendered forecast/_common_var_entry (3.9ms)
Rendered forecast/_common_var_entry (3.8ms)
Rendered forecast/_common_var_entry (3.2ms)
Rendered forecast/_common_var_entry (4.4ms)
Completed in 202ms (View: 60, DB: 79) | 200 OK [http://localhost/forecast/view]


Processing ForecastController#view (for 127.0.0.1 at 2009-07-25 14:50:30) [GET]
  [4;36;1mForecast Load (5.5ms)[0m   [0;1mselect distinct forecast_date from forecasts[0m
  [4;35;1mForecast Load (80.8ms)[0m   [0mSELECT * FROM "forecasts" [0m
  [4;36;1mVariable Load (1.1ms)[0m   [0;1mSELECT * FROM "variables" [0m
Rendering forecast/view
Rendered forecast/_common_var_entry (5.0ms)
Rendered forecast/_common_var_entry (4.3ms)
Rendered forecast/_common_var_entry (8.5ms)
Rendered forecast/_common_var_entry (5.1ms)
Rendered forecast/_common_var_entry (5.8ms)
Completed in 376ms (View: 95, DB: 87) | 200 OK [http://localhost/forecast/view]


Processing ForecastController#view (for 127.0.0.1 at 2009-07-25 14:50:31) [GET]
  [4;35;1mForecast Load (8.4ms)[0m   [0mselect distinct forecast_date from forecasts[0m
  [4;36;1mForecast Load (96.9ms)[0m   [0;1mSELECT * FROM "forecasts" [0m
  [4;35;1mVariable Load (1.0ms)[0m   [0mSELECT * FROM "variables" [0m
Rendering forecast/view
Rendered forecast/_common_var_entry (4.1ms)
Rendered forecast/_common_var_entry (3.0ms)
Rendered forecast/_common_var_entry (3.8ms)
Rendered forecast/_common_var_entry (3.2ms)
Rendered forecast/_common_var_entry (5.5ms)
Completed in 270ms (View: 94, DB: 106) | 200 OK [http://localhost/forecast/view]


Processing ForecastController#view (for 127.0.0.1 at 2009-07-25 14:50:31) [GET]
  [4;36;1mForecast Load (10.4ms)[0m   [0;1mselect distinct forecast_date from forecasts[0m
  [4;35;1mForecast Load (77.8ms)[0m   [0mSELECT * FROM "forecasts" [0m
  [4;36;1mVariable Load (0.9ms)[0m   [0;1mSELECT * FROM "variables" [0m
Rendering forecast/view
Rendered forecast/_common_var_entry (3.0ms)
Rendered forecast/_common_var_entry (2.7ms)
Rendered forecast/_common_var_entry (110.2ms)
Rendered forecast/_common_var_entry (25.7ms)
Rendered forecast/_common_var_entry (3.9ms)
Completed in 324ms (View: 182, DB: 89) | 200 OK [http://localhost/forecast/view]


Processing ForecastController#view (for 127.0.0.1 at 2009-07-25 14:50:35) [GET]
  [4;35;1mForecast Load (6.1ms)[0m   [0mselect distinct forecast_date from forecasts[0m
  [4;36;1mForecast Load (79.5ms)[0m   [0;1mSELECT * FROM "forecasts" [0m
  [4;35;1mVariable Load (1.2ms)[0m   [0mSELECT * FROM "variables" [0m
Rendering forecast/view
Rendered forecast/_common_var_entry (3.4ms)
Rendered forecast/_common_var_entry (4.3ms)
Rendered forecast/_common_var_entry (3.7ms)
Rendered forecast/_common_var_entry (3.2ms)
Rendered forecast/_common_var_entry (3.5ms)
Completed in 190ms (View: 53, DB: 87) | 200 OK [http://localhost/forecast/view]


Processing ForecastController#view (for 127.0.0.1 at 2009-07-25 14:51:36) [GET]
  [4;36;1mForecast Load (6.2ms)[0m   [0;1mselect distinct forecast_date from forecasts[0m
  [4;35;1mForecast Load (73.7ms)[0m   [0mSELECT * FROM "forecasts" [0m
  [4;36;1mVariable Load (1.0ms)[0m   [0;1mSELECT * FROM "variables" [0m
Rendering forecast/view
Rendered forecast/_common_var_entry (5.4ms)
Rendered forecast/_common_var_entry (2.7ms)
Rendered forecast/_common_var_entry (3.3ms)
Rendered forecast/_common_var_entry (3.4ms)
Rendered forecast/_common_var_entry (3.1ms)
Completed in 188ms (View: 59, DB: 81) | 200 OK [http://localhost/forecast/view]


Processing ForecastController#view (for 127.0.0.1 at 2009-07-25 14:51:37) [GET]
  [4;35;1mForecast Load (6.0ms)[0m   [0mselect distinct forecast_date from forecasts[0m
  [4;36;1mForecast Load (85.8ms)[0m   [0;1mSELECT * FROM "forecasts" [0m
  [4;35;1mVariable Load (0.9ms)[0m   [0mSELECT * FROM "variables" [0m
Rendering forecast/view
Rendered forecast/_common_var_entry (3.2ms)
Rendered forecast/_common_var_entry (3.2ms)
Rendered forecast/_common_var_entry (5.1ms)
Rendered forecast/_common_var_entry (6.0ms)
Rendered forecast/_common_var_entry (3.4ms)
Completed in 240ms (View: 84, DB: 93) | 200 OK [http://localhost/forecast/view]


Processing ForecastController#view (for 127.0.0.1 at 2009-07-25 14:51:37) [GET]
  [4;36;1mForecast Load (9.5ms)[0m   [0;1mselect distinct forecast_date from forecasts[0m
  [4;35;1mForecast Load (90.0ms)[0m   [0mSELECT * FROM "forecasts" [0m
  [4;36;1mVariable Load (1.1ms)[0m   [0;1mSELECT * FROM "variables" [0m
Rendering forecast/view
Rendered forecast/_common_var_entry (3.6ms)
Rendered forecast/_common_var_entry (4.1ms)
Rendered forecast/_common_var_entry (3.2ms)
Rendered forecast/_common_var_entry (3.3ms)
Rendered forecast/_common_var_entry (3.1ms)
Completed in 206ms (View: 51, DB: 101) | 200 OK [http://localhost/forecast/view]


Processing ForecastController#view (for 127.0.0.1 at 2009-07-25 14:51:37) [GET]
  [4;35;1mForecast Load (6.5ms)[0m   [0mselect distinct forecast_date from forecasts[0m
  [4;36;1mForecast Load (79.0ms)[0m   [0;1mSELECT * FROM "forecasts" [0m
  [4;35;1mVariable Load (0.9ms)[0m   [0mSELECT * FROM "variables" [0m
Rendering forecast/view
Rendered forecast/_common_var_entry (8.9ms)
Rendered forecast/_common_var_entry (2.8ms)
Rendered forecast/_common_var_entry (9.0ms)
Rendered forecast/_common_var_entry (7.8ms)
Rendered forecast/_common_var_entry (3.5ms)
Completed in 252ms (View: 93, DB: 86) | 200 OK [http://localhost/forecast/view]


Processing ForecastController#view (for 127.0.0.1 at 2009-07-25 14:52:30) [GET]
  [4;36;1mForecast Load (6.5ms)[0m   [0;1mselect distinct forecast_date from forecasts[0m
  [4;35;1mForecast Load (74.5ms)[0m   [0mSELECT * FROM "forecasts" [0m
  [4;36;1mVariable Load (1.0ms)[0m   [0;1mSELECT * FROM "variables" [0m
Rendering forecast/view
Rendered forecast/_common_var_entry (3.9ms)
Rendered forecast/_common_var_entry (2.8ms)
Rendered forecast/_common_var_entry (3.1ms)
Rendered forecast/_common_var_entry (3.0ms)
Rendered forecast/_common_var_entry (3.0ms)
Completed in 180ms (View: 52, DB: 82) | 200 OK [http://localhost/forecast/view]


Processing ForecastController#view (for 127.0.0.1 at 2009-07-25 14:52:31) [GET]
  [4;35;1mForecast Load (5.5ms)[0m   [0mselect distinct forecast_date from forecasts[0m
  [4;36;1mForecast Load (96.5ms)[0m   [0;1mSELECT * FROM "forecasts" [0m
  [4;35;1mVariable Load (0.9ms)[0m   [0mSELECT * FROM "variables" [0m
Rendering forecast/view
Rendered forecast/_common_var_entry (3.2ms)
Rendered forecast/_common_var_entry (2.7ms)
Rendered forecast/_common_var_entry (3.2ms)
Rendered forecast/_common_var_entry (3.2ms)
Rendered forecast/_common_var_entry (4.1ms)
Completed in 295ms (View: 48, DB: 103) | 200 OK [http://localhost/forecast/view]


Processing ForecastController#view (for 127.0.0.1 at 2009-07-25 14:53:21) [GET]
  [4;36;1mForecast Load (5.8ms)[0m   [0;1mselect distinct forecast_date from forecasts[0m
  [4;35;1mForecast Load (74.6ms)[0m   [0mSELECT * FROM "forecasts" [0m
  [4;36;1mVariable Load (0.9ms)[0m   [0;1mSELECT * FROM "variables" [0m
Rendering forecast/view

ActionView::TemplateError (Missing template forecast/_common_var_entry-zzzz.erb in view path app/views) on line #32 of app/views/forecast/view.html.erb:
29: <%
30:      @variables.each  do |var|
31:        puts  "HOLA"
32:        render(:partial =>'common_var_entry-zzzz', :locals => {:all =>@all, :var_name => var.name,:human_name=>var.human_name})
33:      end
34:     
35: %>

    app/views/forecast/view.html.erb:32
    app/views/forecast/view.html.erb:30:in `each'
    app/views/forecast/view.html.erb:30
    /usr/lib/ruby/1.8/webrick/httpserver.rb:104:in `service'
    /usr/lib/ruby/1.8/webrick/httpserver.rb:65:in `run'
    /usr/lib/ruby/1.8/webrick/server.rb:173:in `start_thread'
    /usr/lib/ruby/1.8/webrick/server.rb:162:in `start'
    /usr/lib/ruby/1.8/webrick/server.rb:162:in `start_thread'
    /usr/lib/ruby/1.8/webrick/server.rb:95:in `start'
    /usr/lib/ruby/1.8/webrick/server.rb:92:in `each'
    /usr/lib/ruby/1.8/webrick/server.rb:92:in `start'
    /usr/lib/ruby/1.8/webrick/server.rb:23:in `start'
    /usr/lib/ruby/1.8/webrick/server.rb:82:in `start'

Rendered rescues/_trace (170.7ms)
Rendered rescues/_request_and_response (0.5ms)
Rendering rescues/layout (internal_server_error)


Processing ForecastController#view (for 127.0.0.1 at 2009-07-25 14:54:04) [GET]
  [4;35;1mForecast Load (5.8ms)[0m   [0mselect distinct forecast_date from forecasts[0m
  [4;36;1mForecast Load (72.7ms)[0m   [0;1mSELECT * FROM "forecasts" [0m
  [4;35;1mVariable Load (0.9ms)[0m   [0mSELECT * FROM "variables" [0m
Rendering forecast/view
Rendered forecast/_common_var_entry (3.0ms)
Rendered forecast/_common_var_entry (2.6ms)
Rendered forecast/_common_var_entry (3.1ms)
Rendered forecast/_common_var_entry (3.2ms)
Rendered forecast/_common_var_entry (3.0ms)
Completed in 183ms (View: 54, DB: 79) | 200 OK [http://localhost/forecast/view]


Processing ForecastController#view (for 127.0.0.1 at 2009-07-25 14:56:18) [GET]
  [4;36;1mForecast Load (7.5ms)[0m   [0;1mselect distinct forecast_date from forecasts[0m
  [4;35;1mForecast Load (197.9ms)[0m   [0mSELECT * FROM "forecasts" [0m
  [4;36;1mVariable Load (0.9ms)[0m   [0;1mSELECT * FROM "variables" [0m
Rendering forecast/view
Rendered forecast/_common_var_entry (3.4ms)
Rendered forecast/_common_var_entry (2.9ms)
Rendered forecast/_common_var_entry (6.1ms)
Rendered forecast/_common_var_entry (3.4ms)
Rendered forecast/_common_var_entry (3.5ms)
Completed in 320ms (View: 62, DB: 206) | 200 OK [http://localhost/forecast/view]


Processing ForecastController#view (for 127.0.0.1 at 2009-07-25 14:57:36) [GET]
  [4;35;1mForecast Load (5.9ms)[0m   [0mselect distinct forecast_date from forecasts[0m
  [4;36;1mForecast Load (71.5ms)[0m   [0;1mSELECT * FROM "forecasts" [0m
  [4;35;1mVariable Load (0.9ms)[0m   [0mSELECT * FROM "variables" [0m
Rendering forecast/view
Rendered forecast/_common_var_entry (3.3ms)
Rendered forecast/_common_var_entry (2.6ms)
Rendered forecast/_common_var_entry (3.1ms)
Rendered forecast/_common_var_entry (3.3ms)
Rendered forecast/_common_var_entry (3.3ms)
Completed in 180ms (View: 53, DB: 78) | 200 OK [http://localhost/forecast/view]


Processing ForecastController#view (for 127.0.0.1 at 2009-07-25 15:11:03) [GET]
  [4;36;1mForecast Load (19.1ms)[0m   [0;1mselect distinct forecast_date from forecasts[0m
  [4;35;1mForecast Load (355.7ms)[0m   [0mSELECT * FROM "forecasts" [0m
  [4;36;1mVariable Load (0.9ms)[0m   [0;1mSELECT * FROM "variables" [0m
Rendering forecast/view
Rendered forecast/_common_var_entry (3.5ms)
Rendered forecast/_common_var_entry (3.4ms)
Rendered forecast/_common_var_entry (3.5ms)
Rendered forecast/_common_var_entry (4.3ms)
Rendered forecast/_common_var_entry (3.3ms)
Completed in 553ms (View: 65, DB: 376) | 200 OK [http://localhost/forecast/view]


Processing ForecastController#view (for 127.0.0.1 at 2009-07-25 15:11:29) [GET]
  [4;35;1mForecast Load (6.3ms)[0m   [0mselect distinct forecast_date from forecasts[0m
  [4;36;1mForecast Load (105.4ms)[0m   [0;1mSELECT * FROM "forecasts" [0m
  [4;35;1mVariable Load (1.0ms)[0m   [0mSELECT * FROM "variables" [0m
Rendering forecast/view
Rendered forecast/_common_var_entry (4.7ms)
Rendered forecast/_common_var_entry (4.9ms)
Rendered forecast/_common_var_entry (4.2ms)
Rendered forecast/_common_var_entry (3.6ms)
Rendered forecast/_common_var_entry (3.6ms)
Completed in 228ms (View: 63, DB: 113) | 200 OK [http://localhost/forecast/view]


Processing ForecastController#view (for 127.0.0.1 at 2009-07-25 15:11:52) [GET]
  [4;36;1mForecast Load (5.6ms)[0m   [0;1mselect distinct forecast_date from forecasts[0m
  [4;35;1mForecast Load (210.5ms)[0m   [0mSELECT * FROM "forecasts" [0m
  [4;36;1mVariable Load (1.5ms)[0m   [0;1mSELECT * FROM "variables" [0m
Rendering forecast/view
Rendered forecast/_common_var_entry (3.2ms)
Rendered forecast/_common_var_entry (3.3ms)
Rendered forecast/_common_var_entry (4.3ms)
Rendered forecast/_common_var_entry (3.2ms)
Rendered forecast/_common_var_entry (3.4ms)
Completed in 336ms (View: 65, DB: 218) | 200 OK [http://localhost/forecast/view]


Processing ForecastController#view (for 127.0.0.1 at 2009-07-25 15:12:13) [GET]
  [4;35;1mForecast Load (5.9ms)[0m   [0mselect distinct forecast_date from forecasts[0m
  [4;36;1mForecast Load (77.4ms)[0m   [0;1mSELECT * FROM "forecasts" [0m
  [4;35;1mVariable Load (0.9ms)[0m   [0mSELECT * FROM "variables" [0m
Rendering forecast/view
Rendered forecast/_common_var_entry (5.4ms)
Rendered forecast/_common_var_entry (3.1ms)
Rendered forecast/_common_var_entry (4.5ms)
Rendered forecast/_common_var_entry (3.2ms)
Rendered forecast/_common_var_entry (3.2ms)
Completed in 187ms (View: 56, DB: 84) | 200 OK [http://localhost/forecast/view]


Processing ForecastController#view (for 127.0.0.1 at 2009-07-25 15:14:01) [GET]
  [4;36;1mForecast Load (6.4ms)[0m   [0;1mselect distinct forecast_date from forecasts[0m
  [4;35;1mForecast Load (267.3ms)[0m   [0mSELECT * FROM "forecasts" [0m
  [4;36;1mVariable Load (1.1ms)[0m   [0;1mSELECT * FROM "variables" [0m
Rendering forecast/view
Rendered forecast/_common_var_entry (3.6ms)
Rendered forecast/_common_var_entry (3.4ms)
Rendered forecast/_common_var_entry (3.5ms)
Rendered forecast/_common_var_entry (4.2ms)
Rendered forecast/_common_var_entry (3.4ms)
Rendered forecast/_common_var_entry (3.5ms)
Completed in 388ms (View: 59, DB: 275) | 200 OK [http://localhost/forecast/view]


Processing ForecastController#view (for 127.0.0.1 at 2009-07-25 15:30:39) [GET]
  [4;35;1mForecast Load (37.6ms)[0m   [0mselect distinct forecast_date from forecasts[0m
  [4;36;1mForecast Load (86.7ms)[0m   [0;1mSELECT * FROM "forecasts" [0m
  [4;35;1mVariable Load (1.1ms)[0m   [0mSELECT * FROM "variables" [0m
Rendering forecast/view
Rendered forecast/_common_var_entry (3.2ms)
Rendered forecast/_common_var_entry (3.3ms)
Rendered forecast/_common_var_entry (3.3ms)
Rendered forecast/_common_var_entry (3.2ms)
Rendered forecast/_common_var_entry (3.3ms)
Rendered forecast/_common_var_entry (3.3ms)
Completed in 297ms (View: 83, DB: 125) | 200 OK [http://localhost/forecast/view]


Processing ApplicationController#index (for 127.0.0.1 at 2009-07-26 21:03:09) [GET]

ActionController::RoutingError (No route matches "/forecasts/view" with {:method=>:get}):
  /usr/lib/ruby/1.8/webrick/httpserver.rb:104:in `service'
  /usr/lib/ruby/1.8/webrick/httpserver.rb:65:in `run'
  /usr/lib/ruby/1.8/webrick/server.rb:173:in `start_thread'
  /usr/lib/ruby/1.8/webrick/server.rb:162:in `start'
  /usr/lib/ruby/1.8/webrick/server.rb:162:in `start_thread'
  /usr/lib/ruby/1.8/webrick/server.rb:95:in `start'
  /usr/lib/ruby/1.8/webrick/server.rb:92:in `each'
  /usr/lib/ruby/1.8/webrick/server.rb:92:in `start'
  /usr/lib/ruby/1.8/webrick/server.rb:23:in `start'
  /usr/lib/ruby/1.8/webrick/server.rb:82:in `start'

Rendering rescues/layout (not_found)


Processing ForecastController#view (for 127.0.0.1 at 2009-07-26 21:03:16) [GET]
  [4;36;1mForecast Load (5.7ms)[0m   [0;1mselect distinct forecast_date from forecasts[0m
  [4;35;1mForecast Load (138.8ms)[0m   [0mSELECT * FROM "forecasts" [0m
  [4;36;1mVariable Load (1.0ms)[0m   [0;1mSELECT * FROM "variables" [0m
Rendering forecast/view
Rendered forecast/_common_var_entry (15.5ms)
Rendered forecast/_common_var_entry (3.1ms)
Rendered forecast/_common_var_entry (3.2ms)
Rendered forecast/_common_var_entry (3.1ms)
Rendered forecast/_common_var_entry (3.4ms)
Rendered forecast/_common_var_entry (3.1ms)
Completed in 538ms (View: 329, DB: 146) | 200 OK [http://localhost/forecast/view]
